Determining if the pthread_create exist failed with the following output:
Change Dir: /home/duan/Downloads/xface-new/svn/trunk/CMakeFiles/CMakeTmp

Run Build Command:/usr/bin/gmake "cmTryCompileExec1277212814/fast"
/usr/bin/gmake -f CMakeFiles/cmTryCompileExec1277212814.dir/build.make CMakeFiles/cmTryCompileExec1277212814.dir/build
gmake[1]: Entering directory `/home/duan/Downloads/xface-new/svn/trunk/CMakeFiles/CMakeTmp'
/usr/bin/cmake -E cmake_progress_report /home/duan/Downloads/xface-new/svn/trunk/CMakeFiles/CMakeTmp/CMakeFiles 1
Building C object CMakeFiles/cmTryCompileExec1277212814.dir/CheckSymbolExists.c.o
/usr/lib64/ccache/cc    -o CMakeFiles/cmTryCompileExec1277212814.dir/CheckSymbolExists.c.o   -c /home/duan/Downloads/xface-new/svn/trunk/CMakeFiles/CMakeTmp/CheckSymbolExists.c
Linking C executable cmTryCompileExec1277212814
/usr/bin/cmake -E cmake_link_script CMakeFiles/cmTryCompileExec1277212814.dir/link.txt --verbose=1
/usr/lib64/ccache/cc       CMakeFiles/cmTryCompileExec1277212814.dir/CheckSymbolExists.c.o  -o cmTryCompileExec1277212814 -rdynamic 
CMakeFiles/cmTryCompileExec1277212814.dir/CheckSymbolExists.c.o: In function `main':
CheckSymbolExists.c:(.text+0x16): undefined reference to `pthread_create'
collect2: error: ld returned 1 exit status
gmake[1]: *** [cmTryCompileExec1277212814] Error 1
gmake[1]: Leaving directory `/home/duan/Downloads/xface-new/svn/trunk/CMakeFiles/CMakeTmp'
gmake: *** [cmTryCompileExec1277212814/fast] Error 2

File /home/duan/Downloads/xface-new/svn/trunk/CMakeFiles/CMakeTmp/CheckSymbolExists.c:
/* */
#include <pthread.h>

int main(int argc, char** argv)
{
  (void)argv;
#ifndef pthread_create
  return ((int*)(&pthread_create))[argc];
#else
  (void)argc;
  return 0;
#endif
}

Determining if the function pthread_create exists in the pthreads failed with the following output:
Change Dir: /home/duan/Downloads/xface-new/svn/trunk/CMakeFiles/CMakeTmp

Run Build Command:/usr/bin/gmake "cmTryCompileExec117060135/fast"
/usr/bin/gmake -f CMakeFiles/cmTryCompileExec117060135.dir/build.make CMakeFiles/cmTryCompileExec117060135.dir/build
gmake[1]: Entering directory `/home/duan/Downloads/xface-new/svn/trunk/CMakeFiles/CMakeTmp'
/usr/bin/cmake -E cmake_progress_report /home/duan/Downloads/xface-new/svn/trunk/CMakeFiles/CMakeTmp/CMakeFiles 1
Building C object CMakeFiles/cmTryCompileExec117060135.dir/CheckFunctionExists.c.o
/usr/lib64/ccache/cc   -DCHECK_FUNCTION_EXISTS=pthread_create   -o CMakeFiles/cmTryCompileExec117060135.dir/CheckFunctionExists.c.o   -c /usr/share/cmake/Modules/CheckFunctionExists.c
Linking C executable cmTryCompileExec117060135
/usr/bin/cmake -E cmake_link_script CMakeFiles/cmTryCompileExec117060135.dir/link.txt --verbose=1
/usr/lib64/ccache/cc   -DCHECK_FUNCTION_EXISTS=pthread_create    CMakeFiles/cmTryCompileExec117060135.dir/CheckFunctionExists.c.o  -o cmTryCompileExec117060135 -rdynamic -lpthreads 
/usr/bin/ld: cannot find -lpthreads
collect2: error: ld returned 1 exit status
gmake[1]: *** [cmTryCompileExec117060135] Error 1
gmake[1]: Leaving directory `/home/duan/Downloads/xface-new/svn/trunk/CMakeFiles/CMakeTmp'
gmake: *** [cmTryCompileExec117060135/fast] Error 2


Determining if the pthread_create exist failed with the following output:
Change Dir: /home/duan/Downloads/xface-new/svn/trunk/CMakeFiles/CMakeTmp

Run Build Command:/usr/bin/gmake "cmTryCompileExec3915872913/fast"
/usr/bin/gmake -f CMakeFiles/cmTryCompileExec3915872913.dir/build.make CMakeFiles/cmTryCompileExec3915872913.dir/build
gmake[1]: Entering directory `/home/duan/Downloads/xface-new/svn/trunk/CMakeFiles/CMakeTmp'
/usr/bin/cmake -E cmake_progress_report /home/duan/Downloads/xface-new/svn/trunk/CMakeFiles/CMakeTmp/CMakeFiles 1
Building C object CMakeFiles/cmTryCompileExec3915872913.dir/CheckSymbolExists.c.o
/usr/lib64/ccache/cc    -o CMakeFiles/cmTryCompileExec3915872913.dir/CheckSymbolExists.c.o   -c /home/duan/Downloads/xface-new/svn/trunk/CMakeFiles/CMakeTmp/CheckSymbolExists.c
Linking C executable cmTryCompileExec3915872913
/usr/bin/cmake -E cmake_link_script CMakeFiles/cmTryCompileExec3915872913.dir/link.txt --verbose=1
/usr/lib64/ccache/cc       CMakeFiles/cmTryCompileExec3915872913.dir/CheckSymbolExists.c.o  -o cmTryCompileExec3915872913 -rdynamic 
CMakeFiles/cmTryCompileExec3915872913.dir/CheckSymbolExists.c.o: In function `main':
CheckSymbolExists.c:(.text+0x16): undefined reference to `pthread_create'
collect2: error: ld returned 1 exit status
gmake[1]: *** [cmTryCompileExec3915872913] Error 1
gmake[1]: Leaving directory `/home/duan/Downloads/xface-new/svn/trunk/CMakeFiles/CMakeTmp'
gmake: *** [cmTryCompileExec3915872913/fast] Error 2

File /home/duan/Downloads/xface-new/svn/trunk/CMakeFiles/CMakeTmp/CheckSymbolExists.c:
/* */
#include <pthread.h>

int main(int argc, char** argv)
{
  (void)argv;
#ifndef pthread_create
  return ((int*)(&pthread_create))[argc];
#else
  (void)argc;
  return 0;
#endif
}

Determining if the function pthread_create exists in the pthreads failed with the following output:
Change Dir: /home/duan/Downloads/xface-new/svn/trunk/CMakeFiles/CMakeTmp

Run Build Command:/usr/bin/gmake "cmTryCompileExec3870203678/fast"
/usr/bin/gmake -f CMakeFiles/cmTryCompileExec3870203678.dir/build.make CMakeFiles/cmTryCompileExec3870203678.dir/build
gmake[1]: Entering directory `/home/duan/Downloads/xface-new/svn/trunk/CMakeFiles/CMakeTmp'
/usr/bin/cmake -E cmake_progress_report /home/duan/Downloads/xface-new/svn/trunk/CMakeFiles/CMakeTmp/CMakeFiles 1
Building C object CMakeFiles/cmTryCompileExec3870203678.dir/CheckFunctionExists.c.o
/usr/lib64/ccache/cc   -DCHECK_FUNCTION_EXISTS=pthread_create   -o CMakeFiles/cmTryCompileExec3870203678.dir/CheckFunctionExists.c.o   -c /usr/share/cmake/Modules/CheckFunctionExists.c
Linking C executable cmTryCompileExec3870203678
/usr/bin/cmake -E cmake_link_script CMakeFiles/cmTryCompileExec3870203678.dir/link.txt --verbose=1
/usr/lib64/ccache/cc   -DCHECK_FUNCTION_EXISTS=pthread_create    CMakeFiles/cmTryCompileExec3870203678.dir/CheckFunctionExists.c.o  -o cmTryCompileExec3870203678 -rdynamic -lpthreads 
/usr/bin/ld: cannot find -lpthreads
collect2: error: ld returned 1 exit status
gmake[1]: *** [cmTryCompileExec3870203678] Error 1
gmake[1]: Leaving directory `/home/duan/Downloads/xface-new/svn/trunk/CMakeFiles/CMakeTmp'
gmake: *** [cmTryCompileExec3870203678/fast] Error 2


Determining if the pthread_create exist failed with the following output:
Change Dir: /home/duan/workplace/xface-new/CMakeFiles/CMakeTmp

Run Build Command:/usr/bin/gmake "cmTryCompileExec3669056437/fast"
/usr/bin/gmake -f CMakeFiles/cmTryCompileExec3669056437.dir/build.make CMakeFiles/cmTryCompileExec3669056437.dir/build
gmake[1]: Entering directory `/home/duan/workplace/xface-new/CMakeFiles/CMakeTmp'
/usr/bin/cmake -E cmake_progress_report /home/duan/workplace/xface-new/CMakeFiles/CMakeTmp/CMakeFiles 1
Building C object CMakeFiles/cmTryCompileExec3669056437.dir/CheckSymbolExists.c.o
/usr/lib64/ccache/cc    -o CMakeFiles/cmTryCompileExec3669056437.dir/CheckSymbolExists.c.o   -c /home/duan/workplace/xface-new/CMakeFiles/CMakeTmp/CheckSymbolExists.c
Linking C executable cmTryCompileExec3669056437
/usr/bin/cmake -E cmake_link_script CMakeFiles/cmTryCompileExec3669056437.dir/link.txt --verbose=1
/usr/lib64/ccache/cc       CMakeFiles/cmTryCompileExec3669056437.dir/CheckSymbolExists.c.o  -o cmTryCompileExec3669056437 -rdynamic 
CMakeFiles/cmTryCompileExec3669056437.dir/CheckSymbolExists.c.o: In function `main':
CheckSymbolExists.c:(.text+0x16): undefined reference to `pthread_create'
collect2: error: ld returned 1 exit status
gmake[1]: *** [cmTryCompileExec3669056437] Error 1
gmake[1]: Leaving directory `/home/duan/workplace/xface-new/CMakeFiles/CMakeTmp'
gmake: *** [cmTryCompileExec3669056437/fast] Error 2

File /home/duan/workplace/xface-new/CMakeFiles/CMakeTmp/CheckSymbolExists.c:
/* */
#include <pthread.h>

int main(int argc, char** argv)
{
  (void)argv;
#ifndef pthread_create
  return ((int*)(&pthread_create))[argc];
#else
  (void)argc;
  return 0;
#endif
}

Determining if the function pthread_create exists in the pthreads failed with the following output:
Change Dir: /home/duan/workplace/xface-new/CMakeFiles/CMakeTmp

Run Build Command:/usr/bin/gmake "cmTryCompileExec3032639348/fast"
/usr/bin/gmake -f CMakeFiles/cmTryCompileExec3032639348.dir/build.make CMakeFiles/cmTryCompileExec3032639348.dir/build
gmake[1]: Entering directory `/home/duan/workplace/xface-new/CMakeFiles/CMakeTmp'
/usr/bin/cmake -E cmake_progress_report /home/duan/workplace/xface-new/CMakeFiles/CMakeTmp/CMakeFiles 1
Building C object CMakeFiles/cmTryCompileExec3032639348.dir/CheckFunctionExists.c.o
/usr/lib64/ccache/cc   -DCHECK_FUNCTION_EXISTS=pthread_create   -o CMakeFiles/cmTryCompileExec3032639348.dir/CheckFunctionExists.c.o   -c /usr/share/cmake/Modules/CheckFunctionExists.c
Linking C executable cmTryCompileExec3032639348
/usr/bin/cmake -E cmake_link_script CMakeFiles/cmTryCompileExec3032639348.dir/link.txt --verbose=1
/usr/lib64/ccache/cc   -DCHECK_FUNCTION_EXISTS=pthread_create    CMakeFiles/cmTryCompileExec3032639348.dir/CheckFunctionExists.c.o  -o cmTryCompileExec3032639348 -rdynamic -lpthreads 
/usr/bin/ld: cannot find -lpthreads
collect2: error: ld returned 1 exit status
gmake[1]: *** [cmTryCompileExec3032639348] Error 1
gmake[1]: Leaving directory `/home/duan/workplace/xface-new/CMakeFiles/CMakeTmp'
gmake: *** [cmTryCompileExec3032639348/fast] Error 2


Determining if the pthread_create exist failed with the following output:
Change Dir: /home/duan/workplace/xface-new/CMakeFiles/CMakeTmp

Run Build Command:/usr/bin/gmake "cmTryCompileExec1016693210/fast"
/usr/bin/gmake -f CMakeFiles/cmTryCompileExec1016693210.dir/build.make CMakeFiles/cmTryCompileExec1016693210.dir/build
gmake[1]: Entering directory `/home/duan/workplace/xface-new/CMakeFiles/CMakeTmp'
/usr/bin/cmake -E cmake_progress_report /home/duan/workplace/xface-new/CMakeFiles/CMakeTmp/CMakeFiles 1
Building C object CMakeFiles/cmTryCompileExec1016693210.dir/CheckSymbolExists.c.o
/usr/lib64/ccache/cc    -o CMakeFiles/cmTryCompileExec1016693210.dir/CheckSymbolExists.c.o   -c /home/duan/workplace/xface-new/CMakeFiles/CMakeTmp/CheckSymbolExists.c
Linking C executable cmTryCompileExec1016693210
/usr/bin/cmake -E cmake_link_script CMakeFiles/cmTryCompileExec1016693210.dir/link.txt --verbose=1
/usr/lib64/ccache/cc       CMakeFiles/cmTryCompileExec1016693210.dir/CheckSymbolExists.c.o  -o cmTryCompileExec1016693210 -rdynamic 
CMakeFiles/cmTryCompileExec1016693210.dir/CheckSymbolExists.c.o: In function `main':
CheckSymbolExists.c:(.text+0x16): undefined reference to `pthread_create'
collect2: error: ld returned 1 exit status
gmake[1]: *** [cmTryCompileExec1016693210] Error 1
gmake[1]: Leaving directory `/home/duan/workplace/xface-new/CMakeFiles/CMakeTmp'
gmake: *** [cmTryCompileExec1016693210/fast] Error 2

File /home/duan/workplace/xface-new/CMakeFiles/CMakeTmp/CheckSymbolExists.c:
/* */
#include <pthread.h>

int main(int argc, char** argv)
{
  (void)argv;
#ifndef pthread_create
  return ((int*)(&pthread_create))[argc];
#else
  (void)argc;
  return 0;
#endif
}

Determining if the function pthread_create exists in the pthreads failed with the following output:
Change Dir: /home/duan/workplace/xface-new/CMakeFiles/CMakeTmp

Run Build Command:/usr/bin/gmake "cmTryCompileExec571460820/fast"
/usr/bin/gmake -f CMakeFiles/cmTryCompileExec571460820.dir/build.make CMakeFiles/cmTryCompileExec571460820.dir/build
gmake[1]: Entering directory `/home/duan/workplace/xface-new/CMakeFiles/CMakeTmp'
/usr/bin/cmake -E cmake_progress_report /home/duan/workplace/xface-new/CMakeFiles/CMakeTmp/CMakeFiles 1
Building C object CMakeFiles/cmTryCompileExec571460820.dir/CheckFunctionExists.c.o
/usr/lib64/ccache/cc   -DCHECK_FUNCTION_EXISTS=pthread_create   -o CMakeFiles/cmTryCompileExec571460820.dir/CheckFunctionExists.c.o   -c /usr/share/cmake/Modules/CheckFunctionExists.c
Linking C executable cmTryCompileExec571460820
/usr/bin/cmake -E cmake_link_script CMakeFiles/cmTryCompileExec571460820.dir/link.txt --verbose=1
/usr/lib64/ccache/cc   -DCHECK_FUNCTION_EXISTS=pthread_create    CMakeFiles/cmTryCompileExec571460820.dir/CheckFunctionExists.c.o  -o cmTryCompileExec571460820 -rdynamic -lpthreads 
/usr/bin/ld: cannot find -lpthreads
collect2: error: ld returned 1 exit status
gmake[1]: *** [cmTryCompileExec571460820] Error 1
gmake[1]: Leaving directory `/home/duan/workplace/xface-new/CMakeFiles/CMakeTmp'
gmake: *** [cmTryCompileExec571460820/fast] Error 2


Determining if the pthread_create exist failed with the following output:
Change Dir: /home/duan/Downloads/xface-new/svn/trunk/CMakeFiles/CMakeTmp

Run Build Command:/usr/bin/gmake "cmTryCompileExec789686130/fast"
/usr/bin/gmake -f CMakeFiles/cmTryCompileExec789686130.dir/build.make CMakeFiles/cmTryCompileExec789686130.dir/build
gmake[1]: Entering directory `/home/duan/Downloads/xface-new/svn/trunk/CMakeFiles/CMakeTmp'
/usr/bin/cmake -E cmake_progress_report /home/duan/Downloads/xface-new/svn/trunk/CMakeFiles/CMakeTmp/CMakeFiles 1
Building C object CMakeFiles/cmTryCompileExec789686130.dir/CheckSymbolExists.c.o
/usr/lib64/ccache/cc    -o CMakeFiles/cmTryCompileExec789686130.dir/CheckSymbolExists.c.o   -c /home/duan/Downloads/xface-new/svn/trunk/CMakeFiles/CMakeTmp/CheckSymbolExists.c
Linking C executable cmTryCompileExec789686130
/usr/bin/cmake -E cmake_link_script CMakeFiles/cmTryCompileExec789686130.dir/link.txt --verbose=1
/usr/lib64/ccache/cc       CMakeFiles/cmTryCompileExec789686130.dir/CheckSymbolExists.c.o  -o cmTryCompileExec789686130 -rdynamic 
CMakeFiles/cmTryCompileExec789686130.dir/CheckSymbolExists.c.o: In function `main':
CheckSymbolExists.c:(.text+0x16): undefined reference to `pthread_create'
collect2: error: ld returned 1 exit status
gmake[1]: *** [cmTryCompileExec789686130] Error 1
gmake[1]: Leaving directory `/home/duan/Downloads/xface-new/svn/trunk/CMakeFiles/CMakeTmp'
gmake: *** [cmTryCompileExec789686130/fast] Error 2

File /home/duan/Downloads/xface-new/svn/trunk/CMakeFiles/CMakeTmp/CheckSymbolExists.c:
/* */
#include <pthread.h>

int main(int argc, char** argv)
{
  (void)argv;
#ifndef pthread_create
  return ((int*)(&pthread_create))[argc];
#else
  (void)argc;
  return 0;
#endif
}

Determining if the function pthread_create exists in the pthreads failed with the following output:
Change Dir: /home/duan/Downloads/xface-new/svn/trunk/CMakeFiles/CMakeTmp

Run Build Command:/usr/bin/gmake "cmTryCompileExec2136267105/fast"
/usr/bin/gmake -f CMakeFiles/cmTryCompileExec2136267105.dir/build.make CMakeFiles/cmTryCompileExec2136267105.dir/build
gmake[1]: Entering directory `/home/duan/Downloads/xface-new/svn/trunk/CMakeFiles/CMakeTmp'
/usr/bin/cmake -E cmake_progress_report /home/duan/Downloads/xface-new/svn/trunk/CMakeFiles/CMakeTmp/CMakeFiles 1
Building C object CMakeFiles/cmTryCompileExec2136267105.dir/CheckFunctionExists.c.o
/usr/lib64/ccache/cc   -DCHECK_FUNCTION_EXISTS=pthread_create   -o CMakeFiles/cmTryCompileExec2136267105.dir/CheckFunctionExists.c.o   -c /usr/share/cmake/Modules/CheckFunctionExists.c
Linking C executable cmTryCompileExec2136267105
/usr/bin/cmake -E cmake_link_script CMakeFiles/cmTryCompileExec2136267105.dir/link.txt --verbose=1
/usr/lib64/ccache/cc   -DCHECK_FUNCTION_EXISTS=pthread_create    CMakeFiles/cmTryCompileExec2136267105.dir/CheckFunctionExists.c.o  -o cmTryCompileExec2136267105 -rdynamic -lpthreads 
/usr/bin/ld: cannot find -lpthreads
collect2: error: ld returned 1 exit status
gmake[1]: Leaving directory `/home/duan/Downloads/xface-new/svn/trunk/CMakeFiles/CMakeTmp'
gmake[1]: *** [cmTryCompileExec2136267105] Error 1
gmake: *** [cmTryCompileExec2136267105/fast] Error 2


Determining if the pthread_create exist failed with the following output:
Change Dir: /home/duan/xface-new/CMakeFiles/CMakeTmp

Run Build Command:/usr/bin/gmake "cmTryCompileExec1506303061/fast"
/usr/bin/gmake -f CMakeFiles/cmTryCompileExec1506303061.dir/build.make CMakeFiles/cmTryCompileExec1506303061.dir/build
gmake[1]: Entering directory `/home/duan/xface-new/CMakeFiles/CMakeTmp'
/usr/bin/cmake -E cmake_progress_report /home/duan/xface-new/CMakeFiles/CMakeTmp/CMakeFiles 1
Building C object CMakeFiles/cmTryCompileExec1506303061.dir/CheckSymbolExists.c.o
/usr/lib64/ccache/cc    -o CMakeFiles/cmTryCompileExec1506303061.dir/CheckSymbolExists.c.o   -c /home/duan/xface-new/CMakeFiles/CMakeTmp/CheckSymbolExists.c
Linking C executable cmTryCompileExec1506303061
/usr/bin/cmake -E cmake_link_script CMakeFiles/cmTryCompileExec1506303061.dir/link.txt --verbose=1
/usr/lib64/ccache/cc       CMakeFiles/cmTryCompileExec1506303061.dir/CheckSymbolExists.c.o  -o cmTryCompileExec1506303061 -rdynamic 
CMakeFiles/cmTryCompileExec1506303061.dir/CheckSymbolExists.c.o: In function `main':
CheckSymbolExists.c:(.text+0x16): undefined reference to `pthread_create'
collect2: error: ld returned 1 exit status
gmake[1]: *** [cmTryCompileExec1506303061] Error 1
gmake[1]: Leaving directory `/home/duan/xface-new/CMakeFiles/CMakeTmp'
gmake: *** [cmTryCompileExec1506303061/fast] Error 2

File /home/duan/xface-new/CMakeFiles/CMakeTmp/CheckSymbolExists.c:
/* */
#include <pthread.h>

int main(int argc, char** argv)
{
  (void)argv;
#ifndef pthread_create
  return ((int*)(&pthread_create))[argc];
#else
  (void)argc;
  return 0;
#endif
}

Determining if the function pthread_create exists in the pthreads failed with the following output:
Change Dir: /home/duan/xface-new/CMakeFiles/CMakeTmp

Run Build Command:/usr/bin/gmake "cmTryCompileExec3359246138/fast"
/usr/bin/gmake -f CMakeFiles/cmTryCompileExec3359246138.dir/build.make CMakeFiles/cmTryCompileExec3359246138.dir/build
gmake[1]: Entering directory `/home/duan/xface-new/CMakeFiles/CMakeTmp'
/usr/bin/cmake -E cmake_progress_report /home/duan/xface-new/CMakeFiles/CMakeTmp/CMakeFiles 1
Building C object CMakeFiles/cmTryCompileExec3359246138.dir/CheckFunctionExists.c.o
/usr/lib64/ccache/cc   -DCHECK_FUNCTION_EXISTS=pthread_create   -o CMakeFiles/cmTryCompileExec3359246138.dir/CheckFunctionExists.c.o   -c /usr/share/cmake/Modules/CheckFunctionExists.c
Linking C executable cmTryCompileExec3359246138
/usr/bin/cmake -E cmake_link_script CMakeFiles/cmTryCompileExec3359246138.dir/link.txt --verbose=1
/usr/lib64/ccache/cc   -DCHECK_FUNCTION_EXISTS=pthread_create    CMakeFiles/cmTryCompileExec3359246138.dir/CheckFunctionExists.c.o  -o cmTryCompileExec3359246138 -rdynamic -lpthreads 
/usr/bin/ld: cannot find -lpthreads
collect2: error: ld returned 1 exit status
gmake[1]: *** [cmTryCompileExec3359246138] Error 1
gmake[1]: Leaving directory `/home/duan/xface-new/CMakeFiles/CMakeTmp'
gmake: *** [cmTryCompileExec3359246138/fast] Error 2


Determining if the Q_WS_WIN exist failed with the following output:
Change Dir: /home/duan/xface-new/CMakeFiles/CMakeTmp

Run Build Command:/usr/bin/gmake "cmTryCompileExec2024721390/fast"
/usr/bin/gmake -f CMakeFiles/cmTryCompileExec2024721390.dir/build.make CMakeFiles/cmTryCompileExec2024721390.dir/build
gmake[1]: Entering directory `/home/duan/xface-new/CMakeFiles/CMakeTmp'
/usr/bin/cmake -E cmake_progress_report /home/duan/xface-new/CMakeFiles/CMakeTmp/CMakeFiles 1
Building CXX object CMakeFiles/cmTryCompileExec2024721390.dir/CheckSymbolExists.cxx.o
/usr/lib64/ccache/c++     -o CMakeFiles/cmTryCompileExec2024721390.dir/CheckSymbolExists.cxx.o -c /home/duan/xface-new/CMakeFiles/CMakeTmp/CheckSymbolExists.cxx
/home/duan/xface-new/CMakeFiles/CMakeTmp/CheckSymbolExists.cxx: In function ‘int main(int, char**)’:
/home/duan/xface-new/CMakeFiles/CMakeTmp/CheckSymbolExists.cxx:8:19: error: ‘Q_WS_WIN’ was not declared in this scope
   return ((int*)(&Q_WS_WIN))[argc];
                   ^
gmake[1]: *** [CMakeFiles/cmTryCompileExec2024721390.dir/CheckSymbolExists.cxx.o] Error 1
gmake[1]: Leaving directory `/home/duan/xface-new/CMakeFiles/CMakeTmp'
gmake: *** [cmTryCompileExec2024721390/fast] Error 2

File /home/duan/xface-new/CMakeFiles/CMakeTmp/CheckSymbolExists.cxx:
/* */
#include <QtCore/qglobal.h>

int main(int argc, char** argv)
{
  (void)argv;
#ifndef Q_WS_WIN
  return ((int*)(&Q_WS_WIN))[argc];
#else
  (void)argc;
  return 0;
#endif
}

Determining if the Q_WS_QWS exist failed with the following output:
Change Dir: /home/duan/xface-new/CMakeFiles/CMakeTmp

Run Build Command:/usr/bin/gmake "cmTryCompileExec3583473016/fast"
/usr/bin/gmake -f CMakeFiles/cmTryCompileExec3583473016.dir/build.make CMakeFiles/cmTryCompileExec3583473016.dir/build
gmake[1]: Entering directory `/home/duan/xface-new/CMakeFiles/CMakeTmp'
/usr/bin/cmake -E cmake_progress_report /home/duan/xface-new/CMakeFiles/CMakeTmp/CMakeFiles 1
Building CXX object CMakeFiles/cmTryCompileExec3583473016.dir/CheckSymbolExists.cxx.o
/usr/lib64/ccache/c++     -o CMakeFiles/cmTryCompileExec3583473016.dir/CheckSymbolExists.cxx.o -c /home/duan/xface-new/CMakeFiles/CMakeTmp/CheckSymbolExists.cxx
/home/duan/xface-new/CMakeFiles/CMakeTmp/CheckSymbolExists.cxx: In function ‘int main(int, char**)’:
/home/duan/xface-new/CMakeFiles/CMakeTmp/CheckSymbolExists.cxx:8:19: error: ‘Q_WS_QWS’ was not declared in this scope
   return ((int*)(&Q_WS_QWS))[argc];
                   ^
gmake[1]: *** [CMakeFiles/cmTryCompileExec3583473016.dir/CheckSymbolExists.cxx.o] Error 1
gmake[1]: Leaving directory `/home/duan/xface-new/CMakeFiles/CMakeTmp'
gmake: *** [cmTryCompileExec3583473016/fast] Error 2

File /home/duan/xface-new/CMakeFiles/CMakeTmp/CheckSymbolExists.cxx:
/* */
#include <QtCore/qglobal.h>

int main(int argc, char** argv)
{
  (void)argv;
#ifndef Q_WS_QWS
  return ((int*)(&Q_WS_QWS))[argc];
#else
  (void)argc;
  return 0;
#endif
}

Determining if the Q_WS_MAC exist failed with the following output:
Change Dir: /home/duan/xface-new/CMakeFiles/CMakeTmp

Run Build Command:/usr/bin/gmake "cmTryCompileExec3177778057/fast"
/usr/bin/gmake -f CMakeFiles/cmTryCompileExec3177778057.dir/build.make CMakeFiles/cmTryCompileExec3177778057.dir/build
gmake[1]: Entering directory `/home/duan/xface-new/CMakeFiles/CMakeTmp'
/usr/bin/cmake -E cmake_progress_report /home/duan/xface-new/CMakeFiles/CMakeTmp/CMakeFiles 1
Building CXX object CMakeFiles/cmTryCompileExec3177778057.dir/CheckSymbolExists.cxx.o
/usr/lib64/ccache/c++     -o CMakeFiles/cmTryCompileExec3177778057.dir/CheckSymbolExists.cxx.o -c /home/duan/xface-new/CMakeFiles/CMakeTmp/CheckSymbolExists.cxx
/home/duan/xface-new/CMakeFiles/CMakeTmp/CheckSymbolExists.cxx: In function ‘int main(int, char**)’:
/home/duan/xface-new/CMakeFiles/CMakeTmp/CheckSymbolExists.cxx:8:19: error: ‘Q_WS_MAC’ was not declared in this scope
   return ((int*)(&Q_WS_MAC))[argc];
                   ^
gmake[1]: *** [CMakeFiles/cmTryCompileExec3177778057.dir/CheckSymbolExists.cxx.o] Error 1
gmake[1]: Leaving directory `/home/duan/xface-new/CMakeFiles/CMakeTmp'
gmake: *** [cmTryCompileExec3177778057/fast] Error 2

File /home/duan/xface-new/CMakeFiles/CMakeTmp/CheckSymbolExists.cxx:
/* */
#include <QtCore/qglobal.h>

int main(int argc, char** argv)
{
  (void)argv;
#ifndef Q_WS_MAC
  return ((int*)(&Q_WS_MAC))[argc];
#else
  (void)argc;
  return 0;
#endif
}

Determining if the pthread_create exist failed with the following output:
Change Dir: /home/duan/xface-new/CMakeFiles/CMakeTmp

Run Build Command:/usr/bin/gmake "cmTryCompileExec1824002253/fast"
/usr/bin/gmake -f CMakeFiles/cmTryCompileExec1824002253.dir/build.make CMakeFiles/cmTryCompileExec1824002253.dir/build
gmake[1]: Entering directory `/home/duan/xface-new/CMakeFiles/CMakeTmp'
/usr/bin/cmake -E cmake_progress_report /home/duan/xface-new/CMakeFiles/CMakeTmp/CMakeFiles 1
Building C object CMakeFiles/cmTryCompileExec1824002253.dir/CheckSymbolExists.c.o
/usr/lib64/ccache/cc    -o CMakeFiles/cmTryCompileExec1824002253.dir/CheckSymbolExists.c.o   -c /home/duan/xface-new/CMakeFiles/CMakeTmp/CheckSymbolExists.c
Linking C executable cmTryCompileExec1824002253
/usr/bin/cmake -E cmake_link_script CMakeFiles/cmTryCompileExec1824002253.dir/link.txt --verbose=1
/usr/lib64/ccache/cc       CMakeFiles/cmTryCompileExec1824002253.dir/CheckSymbolExists.c.o  -o cmTryCompileExec1824002253 -rdynamic 
CMakeFiles/cmTryCompileExec1824002253.dir/CheckSymbolExists.c.o: In function `main':
CheckSymbolExists.c:(.text+0x16): undefined reference to `pthread_create'
collect2: error: ld returned 1 exit status
gmake[1]: *** [cmTryCompileExec1824002253] Error 1
gmake[1]: Leaving directory `/home/duan/xface-new/CMakeFiles/CMakeTmp'
gmake: *** [cmTryCompileExec1824002253/fast] Error 2

File /home/duan/xface-new/CMakeFiles/CMakeTmp/CheckSymbolExists.c:
/* */
#include <pthread.h>

int main(int argc, char** argv)
{
  (void)argv;
#ifndef pthread_create
  return ((int*)(&pthread_create))[argc];
#else
  (void)argc;
  return 0;
#endif
}

Determining if the function pthread_create exists in the pthreads failed with the following output:
Change Dir: /home/duan/xface-new/CMakeFiles/CMakeTmp

Run Build Command:/usr/bin/gmake "cmTryCompileExec2547320714/fast"
/usr/bin/gmake -f CMakeFiles/cmTryCompileExec2547320714.dir/build.make CMakeFiles/cmTryCompileExec2547320714.dir/build
gmake[1]: Entering directory `/home/duan/xface-new/CMakeFiles/CMakeTmp'
/usr/bin/cmake -E cmake_progress_report /home/duan/xface-new/CMakeFiles/CMakeTmp/CMakeFiles 1
Building C object CMakeFiles/cmTryCompileExec2547320714.dir/CheckFunctionExists.c.o
/usr/lib64/ccache/cc   -DCHECK_FUNCTION_EXISTS=pthread_create   -o CMakeFiles/cmTryCompileExec2547320714.dir/CheckFunctionExists.c.o   -c /usr/share/cmake/Modules/CheckFunctionExists.c
Linking C executable cmTryCompileExec2547320714
/usr/bin/cmake -E cmake_link_script CMakeFiles/cmTryCompileExec2547320714.dir/link.txt --verbose=1
/usr/lib64/ccache/cc   -DCHECK_FUNCTION_EXISTS=pthread_create    CMakeFiles/cmTryCompileExec2547320714.dir/CheckFunctionExists.c.o  -o cmTryCompileExec2547320714 -rdynamic -lpthreads 
/usr/bin/ld: cannot find -lpthreads
collect2: error: ld returned 1 exit status
gmake[1]: *** [cmTryCompileExec2547320714] Error 1
gmake[1]: Leaving directory `/home/duan/xface-new/CMakeFiles/CMakeTmp'
gmake: *** [cmTryCompileExec2547320714/fast] Error 2


Determining if the Q_WS_WIN exist failed with the following output:
Change Dir: /home/duan/xface-new/CMakeFiles/CMakeTmp

Run Build Command:/usr/bin/gmake "cmTryCompileExec1583721451/fast"
/usr/bin/gmake -f CMakeFiles/cmTryCompileExec1583721451.dir/build.make CMakeFiles/cmTryCompileExec1583721451.dir/build
gmake[1]: Entering directory `/home/duan/xface-new/CMakeFiles/CMakeTmp'
/usr/bin/cmake -E cmake_progress_report /home/duan/xface-new/CMakeFiles/CMakeTmp/CMakeFiles 1
Building CXX object CMakeFiles/cmTryCompileExec1583721451.dir/CheckSymbolExists.cxx.o
/usr/lib64/ccache/c++     -o CMakeFiles/cmTryCompileExec1583721451.dir/CheckSymbolExists.cxx.o -c /home/duan/xface-new/CMakeFiles/CMakeTmp/CheckSymbolExists.cxx
/home/duan/xface-new/CMakeFiles/CMakeTmp/CheckSymbolExists.cxx: In function ‘int main(int, char**)’:
/home/duan/xface-new/CMakeFiles/CMakeTmp/CheckSymbolExists.cxx:8:19: error: ‘Q_WS_WIN’ was not declared in this scope
   return ((int*)(&Q_WS_WIN))[argc];
                   ^
gmake[1]: *** [CMakeFiles/cmTryCompileExec1583721451.dir/CheckSymbolExists.cxx.o] Error 1
gmake[1]: Leaving directory `/home/duan/xface-new/CMakeFiles/CMakeTmp'
gmake: *** [cmTryCompileExec1583721451/fast] Error 2

File /home/duan/xface-new/CMakeFiles/CMakeTmp/CheckSymbolExists.cxx:
/* */
#include <QtCore/qglobal.h>

int main(int argc, char** argv)
{
  (void)argv;
#ifndef Q_WS_WIN
  return ((int*)(&Q_WS_WIN))[argc];
#else
  (void)argc;
  return 0;
#endif
}

Determining if the Q_WS_QWS exist failed with the following output:
Change Dir: /home/duan/xface-new/CMakeFiles/CMakeTmp

Run Build Command:/usr/bin/gmake "cmTryCompileExec1820194111/fast"
/usr/bin/gmake -f CMakeFiles/cmTryCompileExec1820194111.dir/build.make CMakeFiles/cmTryCompileExec1820194111.dir/build
gmake[1]: Entering directory `/home/duan/xface-new/CMakeFiles/CMakeTmp'
/usr/bin/cmake -E cmake_progress_report /home/duan/xface-new/CMakeFiles/CMakeTmp/CMakeFiles 1
Building CXX object CMakeFiles/cmTryCompileExec1820194111.dir/CheckSymbolExists.cxx.o
/usr/lib64/ccache/c++     -o CMakeFiles/cmTryCompileExec1820194111.dir/CheckSymbolExists.cxx.o -c /home/duan/xface-new/CMakeFiles/CMakeTmp/CheckSymbolExists.cxx
/home/duan/xface-new/CMakeFiles/CMakeTmp/CheckSymbolExists.cxx: In function ‘int main(int, char**)’:
/home/duan/xface-new/CMakeFiles/CMakeTmp/CheckSymbolExists.cxx:8:19: error: ‘Q_WS_QWS’ was not declared in this scope
   return ((int*)(&Q_WS_QWS))[argc];
                   ^
gmake[1]: *** [CMakeFiles/cmTryCompileExec1820194111.dir/CheckSymbolExists.cxx.o] Error 1
gmake[1]: Leaving directory `/home/duan/xface-new/CMakeFiles/CMakeTmp'
gmake: *** [cmTryCompileExec1820194111/fast] Error 2

File /home/duan/xface-new/CMakeFiles/CMakeTmp/CheckSymbolExists.cxx:
/* */
#include <QtCore/qglobal.h>

int main(int argc, char** argv)
{
  (void)argv;
#ifndef Q_WS_QWS
  return ((int*)(&Q_WS_QWS))[argc];
#else
  (void)argc;
  return 0;
#endif
}

Determining if the Q_WS_MAC exist failed with the following output:
Change Dir: /home/duan/xface-new/CMakeFiles/CMakeTmp

Run Build Command:/usr/bin/gmake "cmTryCompileExec4101432156/fast"
/usr/bin/gmake -f CMakeFiles/cmTryCompileExec4101432156.dir/build.make CMakeFiles/cmTryCompileExec4101432156.dir/build
gmake[1]: Entering directory `/home/duan/xface-new/CMakeFiles/CMakeTmp'
/usr/bin/cmake -E cmake_progress_report /home/duan/xface-new/CMakeFiles/CMakeTmp/CMakeFiles 1
Building CXX object CMakeFiles/cmTryCompileExec4101432156.dir/CheckSymbolExists.cxx.o
/usr/lib64/ccache/c++     -o CMakeFiles/cmTryCompileExec4101432156.dir/CheckSymbolExists.cxx.o -c /home/duan/xface-new/CMakeFiles/CMakeTmp/CheckSymbolExists.cxx
/home/duan/xface-new/CMakeFiles/CMakeTmp/CheckSymbolExists.cxx: In function ‘int main(int, char**)’:
/home/duan/xface-new/CMakeFiles/CMakeTmp/CheckSymbolExists.cxx:8:19: error: ‘Q_WS_MAC’ was not declared in this scope
   return ((int*)(&Q_WS_MAC))[argc];
                   ^
gmake[1]: *** [CMakeFiles/cmTryCompileExec4101432156.dir/CheckSymbolExists.cxx.o] Error 1
gmake[1]: Leaving directory `/home/duan/xface-new/CMakeFiles/CMakeTmp'
gmake: *** [cmTryCompileExec4101432156/fast] Error 2

File /home/duan/xface-new/CMakeFiles/CMakeTmp/CheckSymbolExists.cxx:
/* */
#include <QtCore/qglobal.h>

int main(int argc, char** argv)
{
  (void)argv;
#ifndef Q_WS_MAC
  return ((int*)(&Q_WS_MAC))[argc];
#else
  (void)argc;
  return 0;
#endif
}

Determining if the pthread_create exist failed with the following output:
Change Dir: /home/duan/xface-new/CMakeFiles/CMakeTmp

Run Build Command:/usr/bin/gmake "cmTryCompileExec3285238324/fast"
/usr/bin/gmake -f CMakeFiles/cmTryCompileExec3285238324.dir/build.make CMakeFiles/cmTryCompileExec3285238324.dir/build
gmake[1]: Entering directory `/home/duan/xface-new/CMakeFiles/CMakeTmp'
/usr/bin/cmake -E cmake_progress_report /home/duan/xface-new/CMakeFiles/CMakeTmp/CMakeFiles 1
Building C object CMakeFiles/cmTryCompileExec3285238324.dir/CheckSymbolExists.c.o
/usr/lib64/ccache/cc    -o CMakeFiles/cmTryCompileExec3285238324.dir/CheckSymbolExists.c.o   -c /home/duan/xface-new/CMakeFiles/CMakeTmp/CheckSymbolExists.c
Linking C executable cmTryCompileExec3285238324
/usr/bin/cmake -E cmake_link_script CMakeFiles/cmTryCompileExec3285238324.dir/link.txt --verbose=1
/usr/lib64/ccache/cc       CMakeFiles/cmTryCompileExec3285238324.dir/CheckSymbolExists.c.o  -o cmTryCompileExec3285238324 -rdynamic 
CMakeFiles/cmTryCompileExec3285238324.dir/CheckSymbolExists.c.o: In function `main':
CheckSymbolExists.c:(.text+0x16): undefined reference to `pthread_create'
collect2: error: ld returned 1 exit status
gmake[1]: *** [cmTryCompileExec3285238324] Error 1
gmake[1]: Leaving directory `/home/duan/xface-new/CMakeFiles/CMakeTmp'
gmake: *** [cmTryCompileExec3285238324/fast] Error 2

File /home/duan/xface-new/CMakeFiles/CMakeTmp/CheckSymbolExists.c:
/* */
#include <pthread.h>

int main(int argc, char** argv)
{
  (void)argv;
#ifndef pthread_create
  return ((int*)(&pthread_create))[argc];
#else
  (void)argc;
  return 0;
#endif
}

Determining if the function pthread_create exists in the pthreads failed with the following output:
Change Dir: /home/duan/xface-new/CMakeFiles/CMakeTmp

Run Build Command:/usr/bin/gmake "cmTryCompileExec3411603037/fast"
/usr/bin/gmake -f CMakeFiles/cmTryCompileExec3411603037.dir/build.make CMakeFiles/cmTryCompileExec3411603037.dir/build
gmake[1]: Entering directory `/home/duan/xface-new/CMakeFiles/CMakeTmp'
/usr/bin/cmake -E cmake_progress_report /home/duan/xface-new/CMakeFiles/CMakeTmp/CMakeFiles 1
Building C object CMakeFiles/cmTryCompileExec3411603037.dir/CheckFunctionExists.c.o
/usr/lib64/ccache/cc   -DCHECK_FUNCTION_EXISTS=pthread_create   -o CMakeFiles/cmTryCompileExec3411603037.dir/CheckFunctionExists.c.o   -c /usr/share/cmake/Modules/CheckFunctionExists.c
Linking C executable cmTryCompileExec3411603037
/usr/bin/cmake -E cmake_link_script CMakeFiles/cmTryCompileExec3411603037.dir/link.txt --verbose=1
/usr/lib64/ccache/cc   -DCHECK_FUNCTION_EXISTS=pthread_create    CMakeFiles/cmTryCompileExec3411603037.dir/CheckFunctionExists.c.o  -o cmTryCompileExec3411603037 -rdynamic -lpthreads 
/usr/bin/ld: cannot find -lpthreads
collect2: error: ld returned 1 exit status
gmake[1]: *** [cmTryCompileExec3411603037] Error 1
gmake[1]: Leaving directory `/home/duan/xface-new/CMakeFiles/CMakeTmp'
gmake: *** [cmTryCompileExec3411603037/fast] Error 2


Determining if the Q_WS_WIN exist failed with the following output:
Change Dir: /home/duan/xface-new/CMakeFiles/CMakeTmp

Run Build Command:/usr/bin/gmake "cmTryCompileExec2413048321/fast"
/usr/bin/gmake -f CMakeFiles/cmTryCompileExec2413048321.dir/build.make CMakeFiles/cmTryCompileExec2413048321.dir/build
gmake[1]: Entering directory `/home/duan/xface-new/CMakeFiles/CMakeTmp'
/usr/bin/cmake -E cmake_progress_report /home/duan/xface-new/CMakeFiles/CMakeTmp/CMakeFiles 1
Building CXX object CMakeFiles/cmTryCompileExec2413048321.dir/CheckSymbolExists.cxx.o
/usr/lib64/ccache/c++     -o CMakeFiles/cmTryCompileExec2413048321.dir/CheckSymbolExists.cxx.o -c /home/duan/xface-new/CMakeFiles/CMakeTmp/CheckSymbolExists.cxx
/home/duan/xface-new/CMakeFiles/CMakeTmp/CheckSymbolExists.cxx: In function ‘int main(int, char**)’:
/home/duan/xface-new/CMakeFiles/CMakeTmp/CheckSymbolExists.cxx:8:19: error: ‘Q_WS_WIN’ was not declared in this scope
   return ((int*)(&Q_WS_WIN))[argc];
                   ^
gmake[1]: *** [CMakeFiles/cmTryCompileExec2413048321.dir/CheckSymbolExists.cxx.o] Error 1
gmake[1]: Leaving directory `/home/duan/xface-new/CMakeFiles/CMakeTmp'
gmake: *** [cmTryCompileExec2413048321/fast] Error 2

File /home/duan/xface-new/CMakeFiles/CMakeTmp/CheckSymbolExists.cxx:
/* */
#include <QtCore/qglobal.h>

int main(int argc, char** argv)
{
  (void)argv;
#ifndef Q_WS_WIN
  return ((int*)(&Q_WS_WIN))[argc];
#else
  (void)argc;
  return 0;
#endif
}

Determining if the Q_WS_QWS exist failed with the following output:
Change Dir: /home/duan/xface-new/CMakeFiles/CMakeTmp

Run Build Command:/usr/bin/gmake "cmTryCompileExec2816333124/fast"
/usr/bin/gmake -f CMakeFiles/cmTryCompileExec2816333124.dir/build.make CMakeFiles/cmTryCompileExec2816333124.dir/build
gmake[1]: Entering directory `/home/duan/xface-new/CMakeFiles/CMakeTmp'
/usr/bin/cmake -E cmake_progress_report /home/duan/xface-new/CMakeFiles/CMakeTmp/CMakeFiles 1
Building CXX object CMakeFiles/cmTryCompileExec2816333124.dir/CheckSymbolExists.cxx.o
/usr/lib64/ccache/c++     -o CMakeFiles/cmTryCompileExec2816333124.dir/CheckSymbolExists.cxx.o -c /home/duan/xface-new/CMakeFiles/CMakeTmp/CheckSymbolExists.cxx
/home/duan/xface-new/CMakeFiles/CMakeTmp/CheckSymbolExists.cxx: In function ‘int main(int, char**)’:
/home/duan/xface-new/CMakeFiles/CMakeTmp/CheckSymbolExists.cxx:8:19: error: ‘Q_WS_QWS’ was not declared in this scope
   return ((int*)(&Q_WS_QWS))[argc];
                   ^
gmake[1]: *** [CMakeFiles/cmTryCompileExec2816333124.dir/CheckSymbolExists.cxx.o] Error 1
gmake[1]: Leaving directory `/home/duan/xface-new/CMakeFiles/CMakeTmp'
gmake: *** [cmTryCompileExec2816333124/fast] Error 2

File /home/duan/xface-new/CMakeFiles/CMakeTmp/CheckSymbolExists.cxx:
/* */
#include <QtCore/qglobal.h>

int main(int argc, char** argv)
{
  (void)argv;
#ifndef Q_WS_QWS
  return ((int*)(&Q_WS_QWS))[argc];
#else
  (void)argc;
  return 0;
#endif
}

Determining if the Q_WS_MAC exist failed with the following output:
Change Dir: /home/duan/xface-new/CMakeFiles/CMakeTmp

Run Build Command:/usr/bin/gmake "cmTryCompileExec3819419286/fast"
/usr/bin/gmake -f CMakeFiles/cmTryCompileExec3819419286.dir/build.make CMakeFiles/cmTryCompileExec3819419286.dir/build
gmake[1]: Entering directory `/home/duan/xface-new/CMakeFiles/CMakeTmp'
/usr/bin/cmake -E cmake_progress_report /home/duan/xface-new/CMakeFiles/CMakeTmp/CMakeFiles 1
Building CXX object CMakeFiles/cmTryCompileExec3819419286.dir/CheckSymbolExists.cxx.o
/usr/lib64/ccache/c++     -o CMakeFiles/cmTryCompileExec3819419286.dir/CheckSymbolExists.cxx.o -c /home/duan/xface-new/CMakeFiles/CMakeTmp/CheckSymbolExists.cxx
/home/duan/xface-new/CMakeFiles/CMakeTmp/CheckSymbolExists.cxx: In function ‘int main(int, char**)’:
/home/duan/xface-new/CMakeFiles/CMakeTmp/CheckSymbolExists.cxx:8:19: error: ‘Q_WS_MAC’ was not declared in this scope
   return ((int*)(&Q_WS_MAC))[argc];
                   ^
gmake[1]: *** [CMakeFiles/cmTryCompileExec3819419286.dir/CheckSymbolExists.cxx.o] Error 1
gmake[1]: Leaving directory `/home/duan/xface-new/CMakeFiles/CMakeTmp'
gmake: *** [cmTryCompileExec3819419286/fast] Error 2

File /home/duan/xface-new/CMakeFiles/CMakeTmp/CheckSymbolExists.cxx:
/* */
#include <QtCore/qglobal.h>

int main(int argc, char** argv)
{
  (void)argv;
#ifndef Q_WS_MAC
  return ((int*)(&Q_WS_MAC))[argc];
#else
  (void)argc;
  return 0;
#endif
}

